2020-06-23 17:27:41 INFO  AppiumManager:57 - Appium Services Started
2020-06-23 17:27:41 INFO  AppiumManager:97 - Platform Name is android
2020-06-23 17:27:41 INFO  AppiumManager:99 - UDID is ZX1G22MTVL
2020-06-23 17:27:41 INFO  AppiumManager:101 - Device Name is Test Device
2020-06-23 17:27:41 INFO  AppiumManager:104 - Automation Name is UIAutomator2
2020-06-23 17:27:41 INFO  AppiumManager:106 - App Package is com.andyapps.thetrailersnow
2020-06-23 17:27:41 INFO  AppiumManager:108 - Launch is set to null
2020-06-23 17:27:41 INFO  AppiumManager:41 - Android Capabilities Obtained
2020-06-23 17:27:58 INFO  AppiumManager:66 - Android Driver Started
2020-06-23 17:28:19 INFO  AppiumManager:91 - Drivers Stopped
2020-06-23 17:32:08 INFO  AppiumManager:57 - Appium Services Started
2020-06-23 17:32:08 INFO  AppiumManager:97 - Platform Name is android
2020-06-23 17:32:08 INFO  AppiumManager:99 - UDID is ZX1G22MTVL
2020-06-23 17:32:08 INFO  AppiumManager:101 - Device Name is Test Device
2020-06-23 17:32:08 INFO  AppiumManager:104 - Automation Name is UIAutomator2
2020-06-23 17:32:08 INFO  AppiumManager:106 - App Package is com.andyapps.thetrailersnow
2020-06-23 17:32:08 INFO  AppiumManager:108 - Launch is set to null
2020-06-23 17:32:08 INFO  AppiumManager:41 - Android Capabilities Obtained
2020-06-23 17:32:22 INFO  AppiumManager:57 - Appium Services Started
2020-06-23 17:32:22 INFO  AppiumManager:97 - Platform Name is android
2020-06-23 17:32:22 INFO  AppiumManager:99 - UDID is ZX1G22MTVL
2020-06-23 17:32:22 INFO  AppiumManager:101 - Device Name is Test Device
2020-06-23 17:32:22 INFO  AppiumManager:104 - Automation Name is UIAutomator2
2020-06-23 17:32:22 INFO  AppiumManager:106 - App Package is com.andyapps.thetrailersnow
2020-06-23 17:32:22 INFO  AppiumManager:108 - Launch is set to null
2020-06-23 17:32:22 INFO  AppiumManager:41 - Android Capabilities Obtained
2020-06-23 17:32:39 INFO  AppiumManager:66 - Android Driver Started
2020-06-23 17:36:04 INFO  AppiumManager:91 - Drivers Stopped
2020-06-23 17:43:05 INFO  AppiumManager:57 - Appium Services Started
2020-06-23 17:43:06 INFO  AppiumManager:97 - Platform Name is android
2020-06-23 17:43:06 INFO  AppiumManager:99 - UDID is ZX1G22MTVL
2020-06-23 17:43:06 INFO  AppiumManager:101 - Device Name is Test Device
2020-06-23 17:43:06 INFO  AppiumManager:104 - Automation Name is UIAutomator2
2020-06-23 17:43:06 INFO  AppiumManager:106 - App Package is com.andyapps.thetrailersnow
2020-06-23 17:43:06 INFO  AppiumManager:108 - Launch is set to null
2020-06-23 17:43:06 INFO  AppiumManager:41 - Android Capabilities Obtained
2020-06-23 17:43:19 INFO  AppiumManager:66 - Android Driver Started
2020-06-23 17:43:32 INFO  AppiumManager:91 - Drivers Stopped
2020-06-23 17:43:59 INFO  AppiumManager:57 - Appium Services Started
2020-06-23 17:43:59 INFO  AppiumManager:97 - Platform Name is android
2020-06-23 17:43:59 INFO  AppiumManager:99 - UDID is ZX1G22MTVL
2020-06-23 17:43:59 INFO  AppiumManager:101 - Device Name is Test Device
2020-06-23 17:43:59 INFO  AppiumManager:104 - Automation Name is UIAutomator2
2020-06-23 17:43:59 INFO  AppiumManager:106 - App Package is com.andyapps.thetrailersnow
2020-06-23 17:43:59 INFO  AppiumManager:108 - Launch is set to null
2020-06-23 17:43:59 INFO  AppiumManager:41 - Android Capabilities Obtained
2020-06-23 17:44:13 INFO  AppiumManager:66 - Android Driver Started
2020-06-23 17:44:25 INFO  AppiumManager:91 - Drivers Stopped
2020-06-23 17:45:46 INFO  AppiumManager:57 - Appium Services Started
2020-06-23 17:45:46 INFO  AppiumManager:97 - Platform Name is android
2020-06-23 17:45:46 INFO  AppiumManager:99 - UDID is ZX1G22MTVL
2020-06-23 17:45:46 INFO  AppiumManager:101 - Device Name is Test Device
2020-06-23 17:45:46 INFO  AppiumManager:104 - Automation Name is UIAutomator2
2020-06-23 17:45:46 INFO  AppiumManager:106 - App Package is com.andyapps.thetrailersnow
2020-06-23 17:45:46 INFO  AppiumManager:108 - Launch is set to null
2020-06-23 17:45:46 INFO  AppiumManager:41 - Android Capabilities Obtained
2020-06-23 17:46:01 INFO  AppiumManager:66 - Android Driver Started
2020-06-23 17:46:12 INFO  AppiumManager:91 - Drivers Stopped
2020-06-24 11:28:30 INFO  AppiumManager:57 - Appium Services Started
2020-06-24 11:28:30 INFO  AppiumManager:97 - Platform Name is android
2020-06-24 11:28:30 INFO  AppiumManager:99 - UDID is ZX1G22MTVL
2020-06-24 11:28:30 INFO  AppiumManager:101 - Device Name is Test Device
2020-06-24 11:28:30 INFO  AppiumManager:104 - Automation Name is UIAutomator2
2020-06-24 11:28:30 INFO  AppiumManager:106 - App Package is com.andyapps.thetrailersnow
2020-06-24 11:28:30 INFO  AppiumManager:108 - Launch is set to null
2020-06-24 11:28:30 INFO  AppiumManager:41 - Android Capabilities Obtained
2020-06-24 11:28:52 INFO  AppiumManager:66 - Android Driver Started
2020-06-24 11:29:06 INFO  AppiumManager:91 - Drivers Stopped
2020-06-24 11:36:53 INFO  AppiumManager:57 - Appium Services Started
2020-06-24 11:36:53 INFO  AppiumManager:97 - Platform Name is android
2020-06-24 11:36:53 INFO  AppiumManager:99 - UDID is ZX1G22MTVL
2020-06-24 11:36:53 INFO  AppiumManager:101 - Device Name is Test Device
2020-06-24 11:36:53 INFO  AppiumManager:104 - Automation Name is UIAutomator2
2020-06-24 11:36:53 INFO  AppiumManager:106 - App Package is com.andyapps.thetrailersnow
2020-06-24 11:36:53 INFO  AppiumManager:108 - Launch is set to null
2020-06-24 11:36:53 INFO  AppiumManager:41 - Android Capabilities Obtained
2020-06-24 11:37:11 INFO  AppiumManager:66 - Android Driver Started
2020-06-24 11:37:23 INFO  AppiumManager:91 - Drivers Stopped
2020-06-24 11:38:40 INFO  AppiumManager:57 - Appium Services Started
2020-06-24 11:38:40 INFO  AppiumManager:97 - Platform Name is android
2020-06-24 11:38:40 INFO  AppiumManager:99 - UDID is ZX1G22MTVL
2020-06-24 11:38:40 INFO  AppiumManager:101 - Device Name is Test Device
2020-06-24 11:38:40 INFO  AppiumManager:104 - Automation Name is UIAutomator2
2020-06-24 11:38:40 INFO  AppiumManager:106 - App Package is com.andyapps.thetrailersnow
2020-06-24 11:38:40 INFO  AppiumManager:108 - Launch is set to null
2020-06-24 11:38:40 INFO  AppiumManager:41 - Android Capabilities Obtained
2020-06-24 11:38:55 INFO  AppiumManager:66 - Android Driver Started
2020-06-24 11:39:07 INFO  AppiumManager:91 - Drivers Stopped
2020-06-24 16:18:21 INFO  AppiumManager:57 - Appium Services Started
2020-06-24 16:18:21 INFO  AppiumManager:97 - Platform Name is android
2020-06-24 16:18:21 INFO  AppiumManager:99 - UDID is ZX1G22MTVL
2020-06-24 16:18:21 INFO  AppiumManager:101 - Device Name is Test Device
2020-06-24 16:18:21 INFO  AppiumManager:104 - Automation Name is UIAutomator2
2020-06-24 16:18:21 INFO  AppiumManager:106 - App Package is com.andyapps.thetrailersnow
2020-06-24 16:18:21 INFO  AppiumManager:108 - Launch is set to null
2020-06-24 16:18:21 INFO  AppiumManager:41 - Android Capabilities Obtained
2020-06-24 16:18:42 INFO  AppiumManager:66 - Android Driver Started
2020-06-24 16:18:55 INFO  AppiumManager:91 - Drivers Stopped
2020-06-24 16:20:05 INFO  AppiumManager:57 - Appium Services Started
2020-06-24 16:20:05 INFO  AppiumManager:97 - Platform Name is android
2020-06-24 16:20:05 INFO  AppiumManager:99 - UDID is ZX1G22MTVL
2020-06-24 16:20:05 INFO  AppiumManager:101 - Device Name is Test Device
2020-06-24 16:20:05 INFO  AppiumManager:104 - Automation Name is UIAutomator2
2020-06-24 16:20:05 INFO  AppiumManager:106 - App Package is com.andyapps.thetrailersnow
2020-06-24 16:20:05 INFO  AppiumManager:108 - Launch is set to null
2020-06-24 16:20:05 INFO  AppiumManager:41 - Android Capabilities Obtained
2020-06-24 16:20:20 INFO  AppiumManager:66 - Android Driver Started
2020-06-24 16:20:44 INFO  AppiumManager:91 - Drivers Stopped
2020-06-24 16:22:48 INFO  AppiumManager:57 - Appium Services Started
2020-06-24 16:22:48 INFO  AppiumManager:97 - Platform Name is android
2020-06-24 16:22:48 INFO  AppiumManager:99 - UDID is ZX1G22MTVL
2020-06-24 16:22:48 INFO  AppiumManager:101 - Device Name is Test Device
2020-06-24 16:22:48 INFO  AppiumManager:104 - Automation Name is UIAutomator2
2020-06-24 16:22:48 INFO  AppiumManager:106 - App Package is com.andyapps.thetrailersnow
2020-06-24 16:22:48 INFO  AppiumManager:108 - Launch is set to null
2020-06-24 16:22:48 INFO  AppiumManager:41 - Android Capabilities Obtained
2020-06-24 16:23:02 INFO  AppiumManager:66 - Android Driver Started
2020-06-24 16:23:29 INFO  AppiumManager:91 - Drivers Stopped
2020-06-24 16:25:05 INFO  AppiumManager:57 - Appium Services Started
2020-06-24 16:25:05 INFO  AppiumManager:97 - Platform Name is android
2020-06-24 16:25:05 INFO  AppiumManager:99 - UDID is ZX1G22MTVL
2020-06-24 16:25:05 INFO  AppiumManager:101 - Device Name is Test Device
2020-06-24 16:25:05 INFO  AppiumManager:104 - Automation Name is UIAutomator2
2020-06-24 16:25:05 INFO  AppiumManager:106 - App Package is com.andyapps.thetrailersnow
2020-06-24 16:25:05 INFO  AppiumManager:108 - Launch is set to null
2020-06-24 16:25:05 INFO  AppiumManager:41 - Android Capabilities Obtained
2020-06-24 16:25:20 INFO  AppiumManager:66 - Android Driver Started
2020-06-24 16:25:43 INFO  AppiumManager:91 - Drivers Stopped
2020-06-24 16:25:58 INFO  AppiumManager:57 - Appium Services Started
2020-06-24 16:25:58 INFO  AppiumManager:97 - Platform Name is android
2020-06-24 16:25:58 INFO  AppiumManager:99 - UDID is ZX1G22MTVL
2020-06-24 16:25:58 INFO  AppiumManager:101 - Device Name is Test Device
2020-06-24 16:25:58 INFO  AppiumManager:104 - Automation Name is UIAutomator2
2020-06-24 16:25:58 INFO  AppiumManager:106 - App Package is com.andyapps.thetrailersnow
2020-06-24 16:25:58 INFO  AppiumManager:108 - Launch is set to null
2020-06-24 16:25:58 INFO  AppiumManager:41 - Android Capabilities Obtained
2020-06-24 16:27:57 INFO  AppiumManager:57 - Appium Services Started
2020-06-24 16:27:57 INFO  AppiumManager:97 - Platform Name is android
2020-06-24 16:27:57 INFO  AppiumManager:99 - UDID is ZX1G22MTVL
2020-06-24 16:27:57 INFO  AppiumManager:101 - Device Name is Test Device
2020-06-24 16:27:57 INFO  AppiumManager:104 - Automation Name is UIAutomator2
2020-06-24 16:27:57 INFO  AppiumManager:106 - App Package is com.andyapps.thetrailersnow
2020-06-24 16:27:57 INFO  AppiumManager:108 - Launch is set to null
2020-06-24 16:27:57 INFO  AppiumManager:41 - Android Capabilities Obtained
2020-06-24 16:28:15 INFO  AppiumManager:66 - Android Driver Started
2020-06-24 16:28:36 INFO  AppiumManager:91 - Drivers Stopped
2020-06-24 16:28:51 INFO  AppiumManager:57 - Appium Services Started
2020-06-24 16:28:51 INFO  AppiumManager:97 - Platform Name is android
2020-06-24 16:28:51 INFO  AppiumManager:99 - UDID is ZX1G22MTVL
2020-06-24 16:28:51 INFO  AppiumManager:101 - Device Name is Test Device
2020-06-24 16:28:51 INFO  AppiumManager:104 - Automation Name is UIAutomator2
2020-06-24 16:28:51 INFO  AppiumManager:106 - App Package is com.andyapps.thetrailersnow
2020-06-24 16:28:51 INFO  AppiumManager:108 - Launch is set to null
2020-06-24 16:28:51 INFO  AppiumManager:41 - Android Capabilities Obtained
2020-06-24 16:29:12 INFO  AppiumManager:66 - Android Driver Started
2020-06-24 16:29:28 INFO  AppiumManager:91 - Drivers Stopped
2020-06-24 16:30:55 INFO  AppiumManager:57 - Appium Services Started
2020-06-24 16:30:55 INFO  AppiumManager:97 - Platform Name is android
2020-06-24 16:30:55 INFO  AppiumManager:99 - UDID is ZX1G22MTVL
2020-06-24 16:30:55 INFO  AppiumManager:101 - Device Name is Test Device
2020-06-24 16:30:55 INFO  AppiumManager:104 - Automation Name is UIAutomator2
2020-06-24 16:30:55 INFO  AppiumManager:106 - App Package is com.andyapps.thetrailersnow
2020-06-24 16:30:55 INFO  AppiumManager:108 - Launch is set to null
2020-06-24 16:30:55 INFO  AppiumManager:41 - Android Capabilities Obtained
2020-06-24 16:31:14 INFO  AppiumManager:66 - Android Driver Started
2020-06-24 16:31:27 INFO  AppiumManager:91 - Drivers Stopped
2020-06-24 16:54:49 INFO  AppiumManager:57 - Appium Services Started
2020-06-24 16:54:49 INFO  AppiumManager:97 - Platform Name is android
2020-06-24 16:54:49 INFO  AppiumManager:99 - UDID is ZX1G22MTVL
2020-06-24 16:54:49 INFO  AppiumManager:101 - Device Name is Test Device
2020-06-24 16:54:49 INFO  AppiumManager:104 - Automation Name is UIAutomator2
2020-06-24 16:54:49 INFO  AppiumManager:106 - App Package is com.andyapps.thetrailersnow
2020-06-24 16:54:49 INFO  AppiumManager:108 - Launch is set to null
2020-06-24 16:54:49 INFO  AppiumManager:41 - Android Capabilities Obtained
2020-06-24 16:55:23 ERROR AppiumManager:77 - Server Not Started
org.openqa.selenium.SessionNotCreatedException: Unable to create a new remote session. Please check the server log for more details. Original error: An unknown server-side error occurred while processing the command. Original error: Could not find a connected Android device.
Build info: version: '4.0.0-alpha-1', revision: 'd1d3728cae', time: '2019-04-24T13:42:21'
System info: host: 'IN-C02Y21AMJG5J', ip: 'fd01:0:0:0:607e:b3a4:a6ad:8c4a%en0', os.name: 'Mac OS X', os.arch: 'x86_64', os.version: '10.15.5', java.version: '1.8.0_212'
Driver info: driver.version: AndroidDriver
remote stacktrace: UnknownError: An unknown server-side error occurred while processing the command. Original error: Could not find a connected Android device.
    at getResponseForW3CError (/usr/local/lib/node_modules/appium/node_modules/appium-base-driver/lib/protocol/errors.js:804:9)
    at asyncHandler (/usr/local/lib/node_modules/appium/node_modules/appium-base-driver/lib/protocol/protocol.js:388:37)
Build info: version: '4.0.0-alpha-1', revision: 'd1d3728cae', time: '2019-04-24T13:42:21'
System info: host: 'IN-C02Y21AMJG5J', ip: 'fd01:0:0:0:607e:b3a4:a6ad:8c4a%en0', os.name: 'Mac OS X', os.arch: 'x86_64', os.version: '10.15.5', java.version: '1.8.0_212'
Driver info: driver.version: AndroidDriver
	at io.appium.java_client.remote.AppiumCommandExecutor$1.createSession(AppiumCommandExecutor.java:208)
	at io.appium.java_client.remote.AppiumCommandExecutor.createSession(AppiumCommandExecutor.java:217)
	at io.appium.java_client.remote.AppiumCommandExecutor.execute(AppiumCommandExecutor.java:239)
	at org.openqa.selenium.remote.RemoteWebDriver.execute(RemoteWebDriver.java:577)
	at org.openqa.selenium.remote.RemoteWebDriver.startSession(RemoteWebDriver.java:211)
	at io.appium.java_client.AppiumDriver.startSession(AppiumDriver.java:323)
	at org.openqa.selenium.remote.RemoteWebDriver.<init>(RemoteWebDriver.java:131)
	at io.appium.java_client.DefaultGenericMobileDriver.<init>(DefaultGenericMobileDriver.java:37)
	at io.appium.java_client.AppiumDriver.<init>(AppiumDriver.java:86)
	at io.appium.java_client.AppiumDriver.<init>(AppiumDriver.java:96)
	at io.appium.java_client.android.AndroidDriver.<init>(AndroidDriver.java:94)
	at common.AppiumManager.startDriver(AppiumManager.java:65)
	at common.AppiumManager.intializeAppium(AppiumManager.java:141)
	at com.test.mobile.BasicTests.BaseTestClass.startTest(BaseTestClass.java:16)
	at sun.reflect.NativeMethodAccessorImpl.invoke0(Native Method)
	at sun.reflect.NativeMethodAccessorImpl.invoke(NativeMethodAccessorImpl.java:62)
	at sun.reflect.DelegatingMethodAccessorImpl.invoke(DelegatingMethodAccessorImpl.java:43)
	at java.lang.reflect.Method.invoke(Method.java:498)
	at org.testng.internal.MethodInvocationHelper.invokeMethod(MethodInvocationHelper.java:124)
	at org.testng.internal.MethodInvocationHelper.invokeMethodConsideringTimeout(MethodInvocationHelper.java:59)
	at org.testng.internal.Invoker.invokeConfigurationMethod(Invoker.java:451)
	at org.testng.internal.Invoker.invokeConfigurations(Invoker.java:222)
	at org.testng.internal.Invoker.invokeConfigurations(Invoker.java:142)
	at org.testng.SuiteRunner.privateRun(SuiteRunner.java:401)
	at org.testng.SuiteRunner.run(SuiteRunner.java:364)
	at org.testng.SuiteRunnerWorker.runSuite(SuiteRunnerWorker.java:52)
	at org.testng.SuiteRunnerWorker.run(SuiteRunnerWorker.java:84)
	at org.testng.TestNG.runSuitesSequentially(TestNG.java:1187)
	at org.testng.TestNG.runSuitesLocally(TestNG.java:1116)
	at org.testng.TestNG.runSuites(TestNG.java:1028)
	at org.testng.TestNG.run(TestNG.java:996)
	at com.intellij.rt.testng.IDEARemoteTestNG.run(IDEARemoteTestNG.java:66)
	at com.intellij.rt.testng.RemoteTestNGStarter.main(RemoteTestNGStarter.java:110)
Caused by: java.lang.reflect.InvocationTargetException
	at sun.reflect.NativeMethodAccessorImpl.invoke0(Native Method)
	at sun.reflect.NativeMethodAccessorImpl.invoke(NativeMethodAccessorImpl.java:62)
	at sun.reflect.DelegatingMethodAccessorImpl.invoke(DelegatingMethodAccessorImpl.java:43)
	at java.lang.reflect.Method.invoke(Method.java:498)
	at io.appium.java_client.remote.AppiumCommandExecutor$1.createSession(AppiumCommandExecutor.java:186)
	... 32 more
Caused by: org.openqa.selenium.WebDriverException: An unknown server-side error occurred while processing the command. Original error: Could not find a connected Android device.
Build info: version: '4.0.0-alpha-1', revision: 'd1d3728cae', time: '2019-04-24T13:42:21'
System info: host: 'IN-C02Y21AMJG5J', ip: 'fd01:0:0:0:607e:b3a4:a6ad:8c4a%en0', os.name: 'Mac OS X', os.arch: 'x86_64', os.version: '10.15.5', java.version: '1.8.0_212'
Driver info: driver.version: AndroidDriver
remote stacktrace: UnknownError: An unknown server-side error occurred while processing the command. Original error: Could not find a connected Android device.
    at getResponseForW3CError (/usr/local/lib/node_modules/appium/node_modules/appium-base-driver/lib/protocol/errors.js:804:9)
    at asyncHandler (/usr/local/lib/node_modules/appium/node_modules/appium-base-driver/lib/protocol/protocol.js:388:37)
	at sun.reflect.NativeConstructorAccessorImpl.newInstance0(Native Method)
	at sun.reflect.NativeConstructorAccessorImpl.newInstance(NativeConstructorAccessorImpl.java:62)
	at sun.reflect.DelegatingConstructorAccessorImpl.newInstance(DelegatingConstructorAccessorImpl.java:45)
	at java.lang.reflect.Constructor.newInstance(Constructor.java:423)
	at org.openqa.selenium.remote.W3CHandshakeResponse.lambda$errorHandler$0(W3CHandshakeResponse.java:62)
	at org.openqa.selenium.remote.HandshakeResponse.lambda$getResponseFunction$0(HandshakeResponse.java:30)
	at org.openqa.selenium.remote.ProtocolHandshake.lambda$createSession$0(ProtocolHandshake.java:126)
	at java.util.stream.ReferencePipeline$3$1.accept(ReferencePipeline.java:193)
	at java.util.Spliterators$ArraySpliterator.tryAdvance(Spliterators.java:958)
	at java.util.stream.ReferencePipeline.forEachWithCancel(ReferencePipeline.java:126)
	at java.util.stream.AbstractPipeline.copyIntoWithCancel(AbstractPipeline.java:499)
	at java.util.stream.AbstractPipeline.copyInto(AbstractPipeline.java:486)
	at java.util.stream.AbstractPipeline.wrapAndCopyInto(AbstractPipeline.java:472)
	at java.util.stream.FindOps$FindOp.evaluateSequential(FindOps.java:152)
	at java.util.stream.AbstractPipeline.evaluate(AbstractPipeline.java:234)
	at java.util.stream.ReferencePipeline.findFirst(ReferencePipeline.java:464)
	at org.openqa.selenium.remote.ProtocolHandshake.createSession(ProtocolHandshake.java:128)
	... 37 more
2020-06-24 16:55:23 INFO  AppiumManager:91 - Drivers Stopped
2020-06-24 16:58:05 INFO  AppiumManager:57 - Appium Services Started
2020-06-24 16:58:05 INFO  AppiumManager:97 - Platform Name is android
2020-06-24 16:58:05 INFO  AppiumManager:99 - UDID is ZX1G22MTVL
2020-06-24 16:58:05 INFO  AppiumManager:101 - Device Name is Test Device
2020-06-24 16:58:05 INFO  AppiumManager:104 - Automation Name is UIAutomator2
2020-06-24 16:58:05 INFO  AppiumManager:106 - App Package is com.andyapps.thetrailersnow
2020-06-24 16:58:05 INFO  AppiumManager:108 - Launch is set to null
2020-06-24 16:58:05 INFO  AppiumManager:41 - Android Capabilities Obtained
2020-06-24 16:58:38 INFO  AppiumManager:57 - Appium Services Started
2020-06-24 16:58:38 INFO  AppiumManager:97 - Platform Name is android
2020-06-24 16:58:38 INFO  AppiumManager:99 - UDID is ZX1G22MTVL
2020-06-24 16:58:38 INFO  AppiumManager:101 - Device Name is Test Device
2020-06-24 16:58:38 INFO  AppiumManager:104 - Automation Name is UIAutomator2
2020-06-24 16:58:38 INFO  AppiumManager:106 - App Package is com.andyapps.thetrailersnow
2020-06-24 16:58:38 INFO  AppiumManager:108 - Launch is set to null
2020-06-24 16:58:38 INFO  AppiumManager:41 - Android Capabilities Obtained
2020-06-24 16:58:52 INFO  AppiumManager:66 - Android Driver Started
2020-06-24 16:58:56 INFO  AppiumManager:91 - Drivers Stopped
2020-06-24 17:07:30 INFO  AppiumManager:57 - Appium Services Started
2020-06-24 17:07:30 INFO  AppiumManager:97 - Platform Name is android
2020-06-24 17:07:30 INFO  AppiumManager:99 - UDID is ZX1G22MTVL
2020-06-24 17:07:30 INFO  AppiumManager:101 - Device Name is Test Device
2020-06-24 17:07:30 INFO  AppiumManager:104 - Automation Name is UIAutomator2
2020-06-24 17:07:30 INFO  AppiumManager:106 - App Package is com.andyapps.thetrailersnow
2020-06-24 17:07:30 INFO  AppiumManager:108 - Launch is set to null
2020-06-24 17:07:30 INFO  AppiumManager:41 - Android Capabilities Obtained
2020-06-24 17:07:44 INFO  AppiumManager:66 - Android Driver Started
2020-06-24 17:07:49 INFO  AppiumManager:91 - Drivers Stopped
2020-06-24 17:13:17 INFO  AppiumManager:57 - Appium Services Started
2020-06-24 17:13:17 INFO  AppiumManager:97 - Platform Name is android
2020-06-24 17:13:17 INFO  AppiumManager:99 - UDID is ZX1G22MTVL
2020-06-24 17:13:17 INFO  AppiumManager:101 - Device Name is Test Device
2020-06-24 17:13:17 INFO  AppiumManager:104 - Automation Name is UIAutomator2
2020-06-24 17:13:17 INFO  AppiumManager:106 - App Package is com.andyapps.thetrailersnow
2020-06-24 17:13:17 INFO  AppiumManager:108 - Launch is set to null
2020-06-24 17:13:17 INFO  AppiumManager:41 - Android Capabilities Obtained
2020-06-24 17:13:33 INFO  AppiumManager:66 - Android Driver Started
2020-06-24 17:13:38 INFO  AppiumManager:91 - Drivers Stopped
2020-06-24 17:19:34 INFO  AppiumManager:57 - Appium Services Started
2020-06-24 17:19:34 INFO  AppiumManager:97 - Platform Name is android
2020-06-24 17:19:34 INFO  AppiumManager:99 - UDID is ZX1G22MTVL
2020-06-24 17:19:34 INFO  AppiumManager:101 - Device Name is Test Device
2020-06-24 17:19:34 INFO  AppiumManager:104 - Automation Name is UIAutomator2
2020-06-24 17:19:34 INFO  AppiumManager:106 - App Package is com.andyapps.thetrailersnow
2020-06-24 17:19:34 INFO  AppiumManager:108 - Launch is set to null
2020-06-24 17:19:34 INFO  AppiumManager:41 - Android Capabilities Obtained
2020-06-24 17:19:50 INFO  AppiumManager:66 - Android Driver Started
2020-06-24 17:19:54 INFO  AppiumManager:91 - Drivers Stopped
2020-06-24 17:23:59 INFO  AppiumManager:57 - Appium Services Started
2020-06-24 17:23:59 INFO  AppiumManager:97 - Platform Name is android
2020-06-24 17:23:59 INFO  AppiumManager:99 - UDID is ZX1G22MTVL
2020-06-24 17:23:59 INFO  AppiumManager:101 - Device Name is Test Device
2020-06-24 17:23:59 INFO  AppiumManager:104 - Automation Name is UIAutomator2
2020-06-24 17:23:59 INFO  AppiumManager:106 - App Package is com.andyapps.thetrailersnow
2020-06-24 17:23:59 INFO  AppiumManager:108 - Launch is set to null
2020-06-24 17:23:59 INFO  AppiumManager:41 - Android Capabilities Obtained
2020-06-24 17:24:15 INFO  AppiumManager:66 - Android Driver Started
2020-06-24 17:24:19 INFO  AppiumManager:91 - Drivers Stopped
2020-06-24 17:31:17 INFO  AppiumManager:57 - Appium Services Started
2020-06-24 17:31:17 INFO  AppiumManager:97 - Platform Name is android
2020-06-24 17:31:17 INFO  AppiumManager:99 - UDID is ZX1G22MTVL
2020-06-24 17:31:17 INFO  AppiumManager:101 - Device Name is Test Device
2020-06-24 17:31:17 INFO  AppiumManager:104 - Automation Name is UIAutomator2
2020-06-24 17:31:17 INFO  AppiumManager:106 - App Package is com.andyapps.thetrailersnow
2020-06-24 17:31:17 INFO  AppiumManager:108 - Launch is set to null
2020-06-24 17:31:17 INFO  AppiumManager:41 - Android Capabilities Obtained
2020-06-24 17:31:36 INFO  AppiumManager:66 - Android Driver Started
2020-06-24 17:31:41 INFO  AppiumManager:91 - Drivers Stopped
2020-06-24 17:34:56 INFO  AppiumManager:57 - Appium Services Started
2020-06-24 17:34:56 INFO  AppiumManager:97 - Platform Name is android
2020-06-24 17:34:56 INFO  AppiumManager:99 - UDID is ZX1G22MTVL
2020-06-24 17:34:56 INFO  AppiumManager:101 - Device Name is Test Device
2020-06-24 17:34:56 INFO  AppiumManager:104 - Automation Name is UIAutomator2
2020-06-24 17:34:56 INFO  AppiumManager:106 - App Package is com.andyapps.thetrailersnow
2020-06-24 17:34:56 INFO  AppiumManager:108 - Launch is set to null
2020-06-24 17:34:56 INFO  AppiumManager:41 - Android Capabilities Obtained
2020-06-24 17:35:11 INFO  AppiumManager:66 - Android Driver Started
2020-06-24 17:35:15 INFO  AppiumManager:91 - Drivers Stopped
2020-06-24 18:18:00 INFO  AppiumManager:57 - Appium Services Started
2020-06-24 18:18:00 INFO  AppiumManager:97 - Platform Name is android
2020-06-24 18:18:00 INFO  AppiumManager:99 - UDID is ZX1G22MTVL
2020-06-24 18:18:00 INFO  AppiumManager:101 - Device Name is Test Device
2020-06-24 18:18:00 INFO  AppiumManager:104 - Automation Name is UIAutomator2
2020-06-24 18:18:00 INFO  AppiumManager:106 - App Package is com.andyapps.thetrailersnow
2020-06-24 18:18:00 INFO  AppiumManager:108 - Launch is set to null
2020-06-24 18:18:00 INFO  AppiumManager:41 - Android Capabilities Obtained
2020-06-24 18:18:18 INFO  AppiumManager:66 - Android Driver Started
2020-06-24 18:18:23 INFO  AppiumManager:91 - Drivers Stopped
2020-06-24 18:20:53 INFO  AppiumManager:57 - Appium Services Started
2020-06-24 18:20:53 INFO  AppiumManager:97 - Platform Name is android
2020-06-24 18:20:53 INFO  AppiumManager:99 - UDID is ZX1G22MTVL
2020-06-24 18:20:53 INFO  AppiumManager:101 - Device Name is Test Device
2020-06-24 18:20:53 INFO  AppiumManager:104 - Automation Name is UIAutomator2
2020-06-24 18:20:53 INFO  AppiumManager:106 - App Package is com.andyapps.thetrailersnow
2020-06-24 18:20:53 INFO  AppiumManager:108 - Launch is set to null
2020-06-24 18:20:53 INFO  AppiumManager:41 - Android Capabilities Obtained
2020-06-24 18:21:49 INFO  AppiumManager:57 - Appium Services Started
2020-06-24 18:21:49 INFO  AppiumManager:97 - Platform Name is android
2020-06-24 18:21:49 INFO  AppiumManager:99 - UDID is ZX1G22MTVL
2020-06-24 18:21:49 INFO  AppiumManager:101 - Device Name is Test Device
2020-06-24 18:21:49 INFO  AppiumManager:104 - Automation Name is UIAutomator2
2020-06-24 18:21:49 INFO  AppiumManager:106 - App Package is com.andyapps.thetrailersnow
2020-06-24 18:21:49 INFO  AppiumManager:108 - Launch is set to null
2020-06-24 18:21:49 INFO  AppiumManager:41 - Android Capabilities Obtained
2020-06-24 18:22:05 INFO  AppiumManager:66 - Android Driver Started
2020-06-24 18:22:09 INFO  AppiumManager:91 - Drivers Stopped
2020-06-24 18:36:28 INFO  AppiumManager:57 - Appium Services Started
2020-06-24 18:36:28 INFO  AppiumManager:97 - Platform Name is android
2020-06-24 18:36:28 INFO  AppiumManager:99 - UDID is ZX1G22MTVL
2020-06-24 18:36:28 INFO  AppiumManager:101 - Device Name is Test Device
2020-06-24 18:36:28 INFO  AppiumManager:104 - Automation Name is UIAutomator2
2020-06-24 18:36:28 INFO  AppiumManager:106 - App Package is com.andyapps.thetrailersnow
2020-06-24 18:36:28 INFO  AppiumManager:108 - Launch is set to null
2020-06-24 18:36:28 INFO  AppiumManager:41 - Android Capabilities Obtained
2020-06-24 18:36:45 INFO  AppiumManager:66 - Android Driver Started
2020-06-24 18:36:50 INFO  AppiumManager:91 - Drivers Stopped
2020-06-24 18:44:09 INFO  AppiumManager:57 - Appium Services Started
2020-06-24 18:44:09 INFO  AppiumManager:97 - Platform Name is android
2020-06-24 18:44:09 INFO  AppiumManager:99 - UDID is ZX1G22MTVL
2020-06-24 18:44:09 INFO  AppiumManager:101 - Device Name is Test Device
2020-06-24 18:44:09 INFO  AppiumManager:104 - Automation Name is UIAutomator2
2020-06-24 18:44:09 INFO  AppiumManager:106 - App Package is com.andyapps.thetrailersnow
2020-06-24 18:44:09 INFO  AppiumManager:108 - Launch is set to null
2020-06-24 18:44:09 INFO  AppiumManager:41 - Android Capabilities Obtained
2020-06-24 18:44:24 INFO  AppiumManager:66 - Android Driver Started
2020-06-24 18:44:27 INFO  AppiumManager:91 - Drivers Stopped
2020-06-24 18:53:33 INFO  AppiumManager:57 - Appium Services Started
2020-06-24 18:53:33 INFO  AppiumManager:97 - Platform Name is android
2020-06-24 18:53:33 INFO  AppiumManager:99 - UDID is ZX1G22MTVL
2020-06-24 18:53:33 INFO  AppiumManager:101 - Device Name is Test Device
2020-06-24 18:53:33 INFO  AppiumManager:104 - Automation Name is UIAutomator2
2020-06-24 18:53:33 INFO  AppiumManager:106 - App Package is com.andyapps.thetrailersnow
2020-06-24 18:53:33 INFO  AppiumManager:108 - Launch is set to null
2020-06-24 18:53:33 INFO  AppiumManager:41 - Android Capabilities Obtained
2020-06-24 18:53:49 INFO  AppiumManager:66 - Android Driver Started
2020-06-24 18:53:53 INFO  AppiumManager:91 - Drivers Stopped
2020-06-24 19:04:41 INFO  AppiumManager:57 - Appium Services Started
2020-06-24 19:04:41 INFO  AppiumManager:97 - Platform Name is android
2020-06-24 19:04:41 INFO  AppiumManager:99 - UDID is ZX1G22MTVL
2020-06-24 19:04:41 INFO  AppiumManager:101 - Device Name is Test Device
2020-06-24 19:04:41 INFO  AppiumManager:104 - Automation Name is UIAutomator2
2020-06-24 19:04:41 INFO  AppiumManager:106 - App Package is com.andyapps.thetrailersnow
2020-06-24 19:04:41 INFO  AppiumManager:108 - Launch is set to null
2020-06-24 19:04:41 INFO  AppiumManager:41 - Android Capabilities Obtained
2020-06-24 19:04:56 INFO  AppiumManager:66 - Android Driver Started
2020-06-24 19:04:59 INFO  AppiumManager:91 - Drivers Stopped
2020-06-24 19:06:38 INFO  AppiumManager:57 - Appium Services Started
2020-06-24 19:06:38 INFO  AppiumManager:97 - Platform Name is android
2020-06-24 19:06:38 INFO  AppiumManager:99 - UDID is ZX1G22MTVL
2020-06-24 19:06:38 INFO  AppiumManager:101 - Device Name is Test Device
2020-06-24 19:06:38 INFO  AppiumManager:104 - Automation Name is UIAutomator2
2020-06-24 19:06:38 INFO  AppiumManager:106 - App Package is com.andyapps.thetrailersnow
2020-06-24 19:06:38 INFO  AppiumManager:108 - Launch is set to null
2020-06-24 19:06:38 INFO  AppiumManager:41 - Android Capabilities Obtained
2020-06-24 19:06:54 INFO  AppiumManager:66 - Android Driver Started
2020-06-24 19:06:58 INFO  AppiumManager:91 - Drivers Stopped
2020-06-24 19:16:11 INFO  AppiumManager:57 - Appium Services Started
2020-06-24 19:16:11 INFO  AppiumManager:97 - Platform Name is android
2020-06-24 19:16:11 INFO  AppiumManager:99 - UDID is ZX1G22MTVL
2020-06-24 19:16:11 INFO  AppiumManager:101 - Device Name is Test Device
2020-06-24 19:16:11 INFO  AppiumManager:104 - Automation Name is UIAutomator2
2020-06-24 19:16:11 INFO  AppiumManager:106 - App Package is com.andyapps.thetrailersnow
2020-06-24 19:16:11 INFO  AppiumManager:108 - Launch is set to null
2020-06-24 19:16:11 INFO  AppiumManager:41 - Android Capabilities Obtained
2020-06-24 19:16:29 INFO  AppiumManager:66 - Android Driver Started
2020-06-24 19:16:34 INFO  AppiumManager:91 - Drivers Stopped
2020-06-24 19:18:24 INFO  AppiumManager:57 - Appium Services Started
2020-06-24 19:18:24 INFO  AppiumManager:97 - Platform Name is android
2020-06-24 19:18:24 INFO  AppiumManager:99 - UDID is ZX1G22MTVL
2020-06-24 19:18:24 INFO  AppiumManager:101 - Device Name is Test Device
2020-06-24 19:18:24 INFO  AppiumManager:104 - Automation Name is UIAutomator2
2020-06-24 19:18:24 INFO  AppiumManager:106 - App Package is com.andyapps.thetrailersnow
2020-06-24 19:18:24 INFO  AppiumManager:108 - Launch is set to null
2020-06-24 19:18:24 INFO  AppiumManager:41 - Android Capabilities Obtained
2020-06-24 19:18:40 INFO  AppiumManager:66 - Android Driver Started
2020-06-24 19:18:44 INFO  AppiumManager:91 - Drivers Stopped
2020-06-24 19:20:46 INFO  AppiumManager:57 - Appium Services Started
2020-06-24 19:20:46 INFO  AppiumManager:97 - Platform Name is android
2020-06-24 19:20:46 INFO  AppiumManager:99 - UDID is ZX1G22MTVL
2020-06-24 19:20:46 INFO  AppiumManager:101 - Device Name is Test Device
2020-06-24 19:20:46 INFO  AppiumManager:104 - Automation Name is UIAutomator2
2020-06-24 19:20:46 INFO  AppiumManager:106 - App Package is com.andyapps.thetrailersnow
2020-06-24 19:20:46 INFO  AppiumManager:108 - Launch is set to null
2020-06-24 19:20:46 INFO  AppiumManager:41 - Android Capabilities Obtained
2020-06-24 19:21:01 INFO  AppiumManager:66 - Android Driver Started
2020-06-24 19:21:05 INFO  AppiumManager:91 - Drivers Stopped
2020-06-25 11:25:19 INFO  AppiumManager:57 - Appium Services Started
2020-06-25 11:25:19 INFO  AppiumManager:97 - Platform Name is android
2020-06-25 11:25:19 INFO  AppiumManager:99 - UDID is ZX1G22MTVL
2020-06-25 11:25:19 INFO  AppiumManager:101 - Device Name is Test Device
2020-06-25 11:25:19 INFO  AppiumManager:104 - Automation Name is UIAutomator2
2020-06-25 11:25:19 INFO  AppiumManager:106 - App Package is com.andyapps.thetrailersnow
2020-06-25 11:25:19 INFO  AppiumManager:108 - Launch is set to null
2020-06-25 11:25:19 INFO  AppiumManager:41 - Android Capabilities Obtained
2020-06-25 11:25:20 ERROR AppiumManager:77 - Server Not Started
org.openqa.selenium.SessionNotCreatedException: Unable to create a new remote session. Please check the server log for more details. Original error: An unknown server-side error occurred while processing the command. Original error: Could not find 'adb' in PATH. Please set the ANDROID_HOME or ANDROID_SDK_ROOT environment variables to the correct Android SDK root directory path.
Build info: version: '4.0.0-alpha-1', revision: 'd1d3728cae', time: '2019-04-24T13:42:21'
System info: host: 'IN-C02Y21AMJG5J', ip: 'fd01:0:0:0:f888:9190:2909:8bce%en0', os.name: 'Mac OS X', os.arch: 'x86_64', os.version: '10.15.5', java.version: '1.8.0_212'
Driver info: driver.version: AndroidDriver
remote stacktrace: UnknownError: An unknown server-side error occurred while processing the command. Original error: Could not find 'adb' in PATH. Please set the ANDROID_HOME or ANDROID_SDK_ROOT environment variables to the correct Android SDK root directory path.
    at getResponseForW3CError (/usr/local/lib/node_modules/appium/node_modules/appium-base-driver/lib/protocol/errors.js:804:9)
    at asyncHandler (/usr/local/lib/node_modules/appium/node_modules/appium-base-driver/lib/protocol/protocol.js:388:37)
Build info: version: '4.0.0-alpha-1', revision: 'd1d3728cae', time: '2019-04-24T13:42:21'
System info: host: 'IN-C02Y21AMJG5J', ip: 'fd01:0:0:0:f888:9190:2909:8bce%en0', os.name: 'Mac OS X', os.arch: 'x86_64', os.version: '10.15.5', java.version: '1.8.0_212'
Driver info: driver.version: AndroidDriver
	at io.appium.java_client.remote.AppiumCommandExecutor$1.createSession(AppiumCommandExecutor.java:208)
	at io.appium.java_client.remote.AppiumCommandExecutor.createSession(AppiumCommandExecutor.java:217)
	at io.appium.java_client.remote.AppiumCommandExecutor.execute(AppiumCommandExecutor.java:239)
	at org.openqa.selenium.remote.RemoteWebDriver.execute(RemoteWebDriver.java:577)
	at org.openqa.selenium.remote.RemoteWebDriver.startSession(RemoteWebDriver.java:211)
	at io.appium.java_client.AppiumDriver.startSession(AppiumDriver.java:323)
	at org.openqa.selenium.remote.RemoteWebDriver.<init>(RemoteWebDriver.java:131)
	at io.appium.java_client.DefaultGenericMobileDriver.<init>(DefaultGenericMobileDriver.java:37)
	at io.appium.java_client.AppiumDriver.<init>(AppiumDriver.java:86)
	at io.appium.java_client.AppiumDriver.<init>(AppiumDriver.java:96)
	at io.appium.java_client.android.AndroidDriver.<init>(AndroidDriver.java:94)
	at common.AppiumManager.startDriver(AppiumManager.java:65)
	at common.AppiumManager.intializeAppium(AppiumManager.java:141)
	at com.test.mobile.BasicTests.BaseTestClass.startTest(BaseTestClass.java:16)
	at sun.reflect.NativeMethodAccessorImpl.invoke0(Native Method)
	at sun.reflect.NativeMethodAccessorImpl.invoke(NativeMethodAccessorImpl.java:62)
	at sun.reflect.DelegatingMethodAccessorImpl.invoke(DelegatingMethodAccessorImpl.java:43)
	at java.lang.reflect.Method.invoke(Method.java:498)
	at org.testng.internal.MethodInvocationHelper.invokeMethod(MethodInvocationHelper.java:124)
	at org.testng.internal.MethodInvocationHelper.invokeMethodConsideringTimeout(MethodInvocationHelper.java:59)
	at org.testng.internal.Invoker.invokeConfigurationMethod(Invoker.java:451)
	at org.testng.internal.Invoker.invokeConfigurations(Invoker.java:222)
	at org.testng.internal.Invoker.invokeConfigurations(Invoker.java:142)
	at org.testng.SuiteRunner.privateRun(SuiteRunner.java:401)
	at org.testng.SuiteRunner.run(SuiteRunner.java:364)
	at org.testng.SuiteRunnerWorker.runSuite(SuiteRunnerWorker.java:52)
	at org.testng.SuiteRunnerWorker.run(SuiteRunnerWorker.java:84)
	at org.testng.TestNG.runSuitesSequentially(TestNG.java:1187)
	at org.testng.TestNG.runSuitesLocally(TestNG.java:1116)
	at org.testng.TestNG.runSuites(TestNG.java:1028)
	at org.testng.TestNG.run(TestNG.java:996)
	at org.apache.maven.surefire.testng.TestNGExecutor.run(TestNGExecutor.java:281)
	at org.apache.maven.surefire.testng.TestNGXmlTestSuite.execute(TestNGXmlTestSuite.java:75)
	at org.apache.maven.surefire.testng.TestNGProvider.invoke(TestNGProvider.java:121)
	at org.apache.maven.surefire.booter.ForkedBooter.invokeProviderInSameClassLoader(ForkedBooter.java:290)
	at org.apache.maven.surefire.booter.ForkedBooter.runSuitesInProcess(ForkedBooter.java:242)
	at org.apache.maven.surefire.booter.ForkedBooter.main(ForkedBooter.java:121)
Caused by: java.lang.reflect.InvocationTargetException
	at sun.reflect.NativeMethodAccessorImpl.invoke0(Native Method)
	at sun.reflect.NativeMethodAccessorImpl.invoke(NativeMethodAccessorImpl.java:62)
	at sun.reflect.DelegatingMethodAccessorImpl.invoke(DelegatingMethodAccessorImpl.java:43)
	at java.lang.reflect.Method.invoke(Method.java:498)
	at io.appium.java_client.remote.AppiumCommandExecutor$1.createSession(AppiumCommandExecutor.java:186)
	... 36 more
Caused by: org.openqa.selenium.WebDriverException: An unknown server-side error occurred while processing the command. Original error: Could not find 'adb' in PATH. Please set the ANDROID_HOME or ANDROID_SDK_ROOT environment variables to the correct Android SDK root directory path.
Build info: version: '4.0.0-alpha-1', revision: 'd1d3728cae', time: '2019-04-24T13:42:21'
System info: host: 'IN-C02Y21AMJG5J', ip: 'fd01:0:0:0:f888:9190:2909:8bce%en0', os.name: 'Mac OS X', os.arch: 'x86_64', os.version: '10.15.5', java.version: '1.8.0_212'
Driver info: driver.version: AndroidDriver
remote stacktrace: UnknownError: An unknown server-side error occurred while processing the command. Original error: Could not find 'adb' in PATH. Please set the ANDROID_HOME or ANDROID_SDK_ROOT environment variables to the correct Android SDK root directory path.
    at getResponseForW3CError (/usr/local/lib/node_modules/appium/node_modules/appium-base-driver/lib/protocol/errors.js:804:9)
    at asyncHandler (/usr/local/lib/node_modules/appium/node_modules/appium-base-driver/lib/protocol/protocol.js:388:37)
	at sun.reflect.NativeConstructorAccessorImpl.newInstance0(Native Method)
	at sun.reflect.NativeConstructorAccessorImpl.newInstance(NativeConstructorAccessorImpl.java:62)
	at sun.reflect.DelegatingConstructorAccessorImpl.newInstance(DelegatingConstructorAccessorImpl.java:45)
	at java.lang.reflect.Constructor.newInstance(Constructor.java:423)
	at org.openqa.selenium.remote.W3CHandshakeResponse.lambda$errorHandler$0(W3CHandshakeResponse.java:62)
	at org.openqa.selenium.remote.HandshakeResponse.lambda$getResponseFunction$0(HandshakeResponse.java:30)
	at org.openqa.selenium.remote.ProtocolHandshake.lambda$createSession$0(ProtocolHandshake.java:126)
	at java.util.stream.ReferencePipeline$3$1.accept(ReferencePipeline.java:193)
	at java.util.Spliterators$ArraySpliterator.tryAdvance(Spliterators.java:958)
	at java.util.stream.ReferencePipeline.forEachWithCancel(ReferencePipeline.java:126)
	at java.util.stream.AbstractPipeline.copyIntoWithCancel(AbstractPipeline.java:499)
	at java.util.stream.AbstractPipeline.copyInto(AbstractPipeline.java:486)
	at java.util.stream.AbstractPipeline.wrapAndCopyInto(AbstractPipeline.java:472)
	at java.util.stream.FindOps$FindOp.evaluateSequential(FindOps.java:152)
	at java.util.stream.AbstractPipeline.evaluate(AbstractPipeline.java:234)
	at java.util.stream.ReferencePipeline.findFirst(ReferencePipeline.java:464)
	at org.openqa.selenium.remote.ProtocolHandshake.createSession(ProtocolHandshake.java:128)
	... 41 more
2020-06-25 11:25:21 INFO  AppiumManager:91 - Drivers Stopped
2020-06-25 11:29:23 INFO  AppiumManager:57 - Appium Services Started
2020-06-25 11:29:23 INFO  AppiumManager:97 - Platform Name is android
2020-06-25 11:29:23 INFO  AppiumManager:99 - UDID is ZX1G22MTVL
2020-06-25 11:29:23 INFO  AppiumManager:101 - Device Name is Test Device
2020-06-25 11:29:23 INFO  AppiumManager:104 - Automation Name is UIAutomator2
2020-06-25 11:29:23 INFO  AppiumManager:106 - App Package is com.andyapps.thetrailersnow
2020-06-25 11:29:23 INFO  AppiumManager:108 - Launch is set to null
2020-06-25 11:29:23 INFO  AppiumManager:41 - Android Capabilities Obtained
2020-06-25 11:29:44 INFO  AppiumManager:66 - Android Driver Started
2020-06-25 11:29:51 INFO  AppiumManager:91 - Drivers Stopped
2020-06-25 11:45:07 INFO  AppiumManager:57 - Appium Services Started
2020-06-25 11:45:07 INFO  AppiumManager:97 - Platform Name is android
2020-06-25 11:45:07 INFO  AppiumManager:99 - UDID is ZX1G22MTVL
2020-06-25 11:45:07 INFO  AppiumManager:101 - Device Name is Test Device
2020-06-25 11:45:07 INFO  AppiumManager:104 - Automation Name is UIAutomator2
2020-06-25 11:45:07 INFO  AppiumManager:106 - App Package is com.andyapps.thetrailersnow
2020-06-25 11:45:07 INFO  AppiumManager:108 - Launch is set to null
2020-06-25 11:45:07 INFO  AppiumManager:41 - Android Capabilities Obtained
2020-06-25 11:45:29 INFO  AppiumManager:66 - Android Driver Started
2020-06-25 11:45:33 INFO  AppiumManager:91 - Drivers Stopped
2020-06-25 11:49:05 INFO  AppiumManager:57 - Appium Services Started
2020-06-25 11:49:05 INFO  AppiumManager:97 - Platform Name is android
2020-06-25 11:49:05 INFO  AppiumManager:99 - UDID is ZX1G22MTVL
2020-06-25 11:49:05 INFO  AppiumManager:101 - Device Name is Test Device
2020-06-25 11:49:05 INFO  AppiumManager:104 - Automation Name is UIAutomator2
2020-06-25 11:49:05 INFO  AppiumManager:106 - App Package is com.andyapps.thetrailersnow
2020-06-25 11:49:05 INFO  AppiumManager:108 - Launch is set to null
2020-06-25 11:49:05 INFO  AppiumManager:41 - Android Capabilities Obtained
2020-06-25 11:49:22 INFO  AppiumManager:66 - Android Driver Started
2020-06-25 11:49:27 INFO  AppiumManager:91 - Drivers Stopped
2020-06-25 11:51:16 INFO  AppiumManager:57 - Appium Services Started
2020-06-25 11:51:16 INFO  AppiumManager:97 - Platform Name is android
2020-06-25 11:51:16 INFO  AppiumManager:99 - UDID is ZX1G22MTVL
2020-06-25 11:51:16 INFO  AppiumManager:101 - Device Name is Test Device
2020-06-25 11:51:16 INFO  AppiumManager:104 - Automation Name is UIAutomator2
2020-06-25 11:51:16 INFO  AppiumManager:106 - App Package is com.andyapps.thetrailersnow
2020-06-25 11:51:16 INFO  AppiumManager:108 - Launch is set to null
2020-06-25 11:51:16 INFO  AppiumManager:41 - Android Capabilities Obtained
2020-06-25 11:51:32 INFO  AppiumManager:66 - Android Driver Started
2020-06-25 11:51:37 INFO  AppiumManager:91 - Drivers Stopped
2020-06-25 17:04:25 INFO  AppiumManager:57 - Appium Services Started
2020-06-25 17:04:25 INFO  AppiumManager:97 - Platform Name is android
2020-06-25 17:04:25 INFO  AppiumManager:99 - UDID is ZX1G22MTVL
2020-06-25 17:04:25 INFO  AppiumManager:101 - Device Name is Test Device
2020-06-25 17:04:25 INFO  AppiumManager:104 - Automation Name is UIAutomator2
2020-06-25 17:04:25 INFO  AppiumManager:106 - App Package is com.andyapps.thetrailersnow
2020-06-25 17:04:25 INFO  AppiumManager:108 - Launch is set to null
2020-06-25 17:04:25 INFO  AppiumManager:41 - Android Capabilities Obtained
2020-06-25 17:04:49 ERROR AppiumManager:77 - Server Not Started
org.openqa.selenium.SessionNotCreatedException: Unable to create a new remote session. Please check the server log for more details. Original error: An unknown server-side error occurred while processing the command. Original error: Could not find a connected Android device.
Build info: version: '4.0.0-alpha-1', revision: 'd1d3728cae', time: '2019-04-24T13:42:21'
System info: host: 'IN-C02Y21AMJG5J', ip: 'fd01:0:0:0:f888:9190:2909:8bce%en0', os.name: 'Mac OS X', os.arch: 'x86_64', os.version: '10.15.5', java.version: '1.8.0_212'
Driver info: driver.version: AndroidDriver
remote stacktrace: UnknownError: An unknown server-side error occurred while processing the command. Original error: Could not find a connected Android device.
    at getResponseForW3CError (/usr/local/lib/node_modules/appium/node_modules/appium-base-driver/lib/protocol/errors.js:804:9)
    at asyncHandler (/usr/local/lib/node_modules/appium/node_modules/appium-base-driver/lib/protocol/protocol.js:388:37)
Build info: version: '4.0.0-alpha-1', revision: 'd1d3728cae', time: '2019-04-24T13:42:21'
System info: host: 'IN-C02Y21AMJG5J', ip: 'fd01:0:0:0:f888:9190:2909:8bce%en0', os.name: 'Mac OS X', os.arch: 'x86_64', os.version: '10.15.5', java.version: '1.8.0_212'
Driver info: driver.version: AndroidDriver
	at io.appium.java_client.remote.AppiumCommandExecutor$1.createSession(AppiumCommandExecutor.java:208)
	at io.appium.java_client.remote.AppiumCommandExecutor.createSession(AppiumCommandExecutor.java:217)
	at io.appium.java_client.remote.AppiumCommandExecutor.execute(AppiumCommandExecutor.java:239)
	at org.openqa.selenium.remote.RemoteWebDriver.execute(RemoteWebDriver.java:577)
	at org.openqa.selenium.remote.RemoteWebDriver.startSession(RemoteWebDriver.java:211)
	at io.appium.java_client.AppiumDriver.startSession(AppiumDriver.java:323)
	at org.openqa.selenium.remote.RemoteWebDriver.<init>(RemoteWebDriver.java:131)
	at io.appium.java_client.DefaultGenericMobileDriver.<init>(DefaultGenericMobileDriver.java:37)
	at io.appium.java_client.AppiumDriver.<init>(AppiumDriver.java:86)
	at io.appium.java_client.AppiumDriver.<init>(AppiumDriver.java:96)
	at io.appium.java_client.android.AndroidDriver.<init>(AndroidDriver.java:94)
	at common.AppiumManager.startDriver(AppiumManager.java:65)
	at common.AppiumManager.intializeAppium(AppiumManager.java:141)
	at com.test.mobile.BasicTests.BaseTestClass.startTest(BaseTestClass.java:16)
	at sun.reflect.NativeMethodAccessorImpl.invoke0(Native Method)
	at sun.reflect.NativeMethodAccessorImpl.invoke(NativeMethodAccessorImpl.java:62)
	at sun.reflect.DelegatingMethodAccessorImpl.invoke(DelegatingMethodAccessorImpl.java:43)
	at java.lang.reflect.Method.invoke(Method.java:498)
	at org.testng.internal.MethodInvocationHelper.invokeMethod(MethodInvocationHelper.java:124)
	at org.testng.internal.MethodInvocationHelper.invokeMethodConsideringTimeout(MethodInvocationHelper.java:59)
	at org.testng.internal.Invoker.invokeConfigurationMethod(Invoker.java:451)
	at org.testng.internal.Invoker.invokeConfigurations(Invoker.java:222)
	at org.testng.internal.Invoker.invokeConfigurations(Invoker.java:142)
	at org.testng.SuiteRunner.privateRun(SuiteRunner.java:401)
	at org.testng.SuiteRunner.run(SuiteRunner.java:364)
	at org.testng.SuiteRunnerWorker.runSuite(SuiteRunnerWorker.java:52)
	at org.testng.SuiteRunnerWorker.run(SuiteRunnerWorker.java:84)
	at org.testng.TestNG.runSuitesSequentially(TestNG.java:1187)
	at org.testng.TestNG.runSuitesLocally(TestNG.java:1116)
	at org.testng.TestNG.runSuites(TestNG.java:1028)
	at org.testng.TestNG.run(TestNG.java:996)
	at org.apache.maven.surefire.testng.TestNGExecutor.run(TestNGExecutor.java:281)
	at org.apache.maven.surefire.testng.TestNGXmlTestSuite.execute(TestNGXmlTestSuite.java:75)
	at org.apache.maven.surefire.testng.TestNGProvider.invoke(TestNGProvider.java:121)
	at org.apache.maven.surefire.booter.ForkedBooter.invokeProviderInSameClassLoader(ForkedBooter.java:290)
	at org.apache.maven.surefire.booter.ForkedBooter.runSuitesInProcess(ForkedBooter.java:242)
	at org.apache.maven.surefire.booter.ForkedBooter.main(ForkedBooter.java:121)
Caused by: java.lang.reflect.InvocationTargetException
	at sun.reflect.NativeMethodAccessorImpl.invoke0(Native Method)
	at sun.reflect.NativeMethodAccessorImpl.invoke(NativeMethodAccessorImpl.java:62)
	at sun.reflect.DelegatingMethodAccessorImpl.invoke(DelegatingMethodAccessorImpl.java:43)
	at java.lang.reflect.Method.invoke(Method.java:498)
	at io.appium.java_client.remote.AppiumCommandExecutor$1.createSession(AppiumCommandExecutor.java:186)
	... 36 more
Caused by: org.openqa.selenium.WebDriverException: An unknown server-side error occurred while processing the command. Original error: Could not find a connected Android device.
Build info: version: '4.0.0-alpha-1', revision: 'd1d3728cae', time: '2019-04-24T13:42:21'
System info: host: 'IN-C02Y21AMJG5J', ip: 'fd01:0:0:0:f888:9190:2909:8bce%en0', os.name: 'Mac OS X', os.arch: 'x86_64', os.version: '10.15.5', java.version: '1.8.0_212'
Driver info: driver.version: AndroidDriver
remote stacktrace: UnknownError: An unknown server-side error occurred while processing the command. Original error: Could not find a connected Android device.
    at getResponseForW3CError (/usr/local/lib/node_modules/appium/node_modules/appium-base-driver/lib/protocol/errors.js:804:9)
    at asyncHandler (/usr/local/lib/node_modules/appium/node_modules/appium-base-driver/lib/protocol/protocol.js:388:37)
	at sun.reflect.NativeConstructorAccessorImpl.newInstance0(Native Method)
	at sun.reflect.NativeConstructorAccessorImpl.newInstance(NativeConstructorAccessorImpl.java:62)
	at sun.reflect.DelegatingConstructorAccessorImpl.newInstance(DelegatingConstructorAccessorImpl.java:45)
	at java.lang.reflect.Constructor.newInstance(Constructor.java:423)
	at org.openqa.selenium.remote.W3CHandshakeResponse.lambda$errorHandler$0(W3CHandshakeResponse.java:62)
	at org.openqa.selenium.remote.HandshakeResponse.lambda$getResponseFunction$0(HandshakeResponse.java:30)
	at org.openqa.selenium.remote.ProtocolHandshake.lambda$createSession$0(ProtocolHandshake.java:126)
	at java.util.stream.ReferencePipeline$3$1.accept(ReferencePipeline.java:193)
	at java.util.Spliterators$ArraySpliterator.tryAdvance(Spliterators.java:958)
	at java.util.stream.ReferencePipeline.forEachWithCancel(ReferencePipeline.java:126)
	at java.util.stream.AbstractPipeline.copyIntoWithCancel(AbstractPipeline.java:499)
	at java.util.stream.AbstractPipeline.copyInto(AbstractPipeline.java:486)
	at java.util.stream.AbstractPipeline.wrapAndCopyInto(AbstractPipeline.java:472)
	at java.util.stream.FindOps$FindOp.evaluateSequential(FindOps.java:152)
	at java.util.stream.AbstractPipeline.evaluate(AbstractPipeline.java:234)
	at java.util.stream.ReferencePipeline.findFirst(ReferencePipeline.java:464)
	at org.openqa.selenium.remote.ProtocolHandshake.createSession(ProtocolHandshake.java:128)
	... 41 more
2020-06-25 17:04:50 INFO  AppiumManager:91 - Drivers Stopped
2020-06-25 17:06:30 INFO  AppiumManager:57 - Appium Services Started
2020-06-25 17:06:30 INFO  AppiumManager:97 - Platform Name is android
2020-06-25 17:06:30 INFO  AppiumManager:99 - UDID is ZX1G22MTVL
2020-06-25 17:06:30 INFO  AppiumManager:101 - Device Name is Test Device
2020-06-25 17:06:30 INFO  AppiumManager:104 - Automation Name is UIAutomator2
2020-06-25 17:06:30 INFO  AppiumManager:106 - App Package is com.andyapps.thetrailersnow
2020-06-25 17:06:30 INFO  AppiumManager:108 - Launch is set to null
2020-06-25 17:06:30 INFO  AppiumManager:41 - Android Capabilities Obtained
2020-06-25 17:06:54 ERROR AppiumManager:77 - Server Not Started
org.openqa.selenium.SessionNotCreatedException: Unable to create a new remote session. Please check the server log for more details. Original error: An unknown server-side error occurred while processing the command. Original error: Could not find a connected Android device.
Build info: version: '4.0.0-alpha-1', revision: 'd1d3728cae', time: '2019-04-24T13:42:21'
System info: host: 'IN-C02Y21AMJG5J', ip: 'fd01:0:0:0:f888:9190:2909:8bce%en0', os.name: 'Mac OS X', os.arch: 'x86_64', os.version: '10.15.5', java.version: '1.8.0_212'
Driver info: driver.version: AndroidDriver
remote stacktrace: UnknownError: An unknown server-side error occurred while processing the command. Original error: Could not find a connected Android device.
    at getResponseForW3CError (/usr/local/lib/node_modules/appium/node_modules/appium-base-driver/lib/protocol/errors.js:804:9)
    at asyncHandler (/usr/local/lib/node_modules/appium/node_modules/appium-base-driver/lib/protocol/protocol.js:388:37)
Build info: version: '4.0.0-alpha-1', revision: 'd1d3728cae', time: '2019-04-24T13:42:21'
System info: host: 'IN-C02Y21AMJG5J', ip: 'fd01:0:0:0:f888:9190:2909:8bce%en0', os.name: 'Mac OS X', os.arch: 'x86_64', os.version: '10.15.5', java.version: '1.8.0_212'
Driver info: driver.version: AndroidDriver
	at io.appium.java_client.remote.AppiumCommandExecutor$1.createSession(AppiumCommandExecutor.java:208)
	at io.appium.java_client.remote.AppiumCommandExecutor.createSession(AppiumCommandExecutor.java:217)
	at io.appium.java_client.remote.AppiumCommandExecutor.execute(AppiumCommandExecutor.java:239)
	at org.openqa.selenium.remote.RemoteWebDriver.execute(RemoteWebDriver.java:577)
	at org.openqa.selenium.remote.RemoteWebDriver.startSession(RemoteWebDriver.java:211)
	at io.appium.java_client.AppiumDriver.startSession(AppiumDriver.java:323)
	at org.openqa.selenium.remote.RemoteWebDriver.<init>(RemoteWebDriver.java:131)
	at io.appium.java_client.DefaultGenericMobileDriver.<init>(DefaultGenericMobileDriver.java:37)
	at io.appium.java_client.AppiumDriver.<init>(AppiumDriver.java:86)
	at io.appium.java_client.AppiumDriver.<init>(AppiumDriver.java:96)
	at io.appium.java_client.android.AndroidDriver.<init>(AndroidDriver.java:94)
	at common.AppiumManager.startDriver(AppiumManager.java:65)
	at common.AppiumManager.intializeAppium(AppiumManager.java:141)
	at com.test.mobile.BasicTests.BaseTestClass.startTest(BaseTestClass.java:16)
	at sun.reflect.NativeMethodAccessorImpl.invoke0(Native Method)
	at sun.reflect.NativeMethodAccessorImpl.invoke(NativeMethodAccessorImpl.java:62)
	at sun.reflect.DelegatingMethodAccessorImpl.invoke(DelegatingMethodAccessorImpl.java:43)
	at java.lang.reflect.Method.invoke(Method.java:498)
	at org.testng.internal.MethodInvocationHelper.invokeMethod(MethodInvocationHelper.java:124)
	at org.testng.internal.MethodInvocationHelper.invokeMethodConsideringTimeout(MethodInvocationHelper.java:59)
	at org.testng.internal.Invoker.invokeConfigurationMethod(Invoker.java:451)
	at org.testng.internal.Invoker.invokeConfigurations(Invoker.java:222)
	at org.testng.internal.Invoker.invokeConfigurations(Invoker.java:142)
	at org.testng.SuiteRunner.privateRun(SuiteRunner.java:401)
	at org.testng.SuiteRunner.run(SuiteRunner.java:364)
	at org.testng.SuiteRunnerWorker.runSuite(SuiteRunnerWorker.java:52)
	at org.testng.SuiteRunnerWorker.run(SuiteRunnerWorker.java:84)
	at org.testng.TestNG.runSuitesSequentially(TestNG.java:1187)
	at org.testng.TestNG.runSuitesLocally(TestNG.java:1116)
	at org.testng.TestNG.runSuites(TestNG.java:1028)
	at org.testng.TestNG.run(TestNG.java:996)
	at org.apache.maven.surefire.testng.TestNGExecutor.run(TestNGExecutor.java:281)
	at org.apache.maven.surefire.testng.TestNGXmlTestSuite.execute(TestNGXmlTestSuite.java:75)
	at org.apache.maven.surefire.testng.TestNGProvider.invoke(TestNGProvider.java:121)
	at org.apache.maven.surefire.booter.ForkedBooter.invokeProviderInSameClassLoader(ForkedBooter.java:290)
	at org.apache.maven.surefire.booter.ForkedBooter.runSuitesInProcess(ForkedBooter.java:242)
	at org.apache.maven.surefire.booter.ForkedBooter.main(ForkedBooter.java:121)
Caused by: java.lang.reflect.InvocationTargetException
	at sun.reflect.NativeMethodAccessorImpl.invoke0(Native Method)
	at sun.reflect.NativeMethodAccessorImpl.invoke(NativeMethodAccessorImpl.java:62)
	at sun.reflect.DelegatingMethodAccessorImpl.invoke(DelegatingMethodAccessorImpl.java:43)
	at java.lang.reflect.Method.invoke(Method.java:498)
	at io.appium.java_client.remote.AppiumCommandExecutor$1.createSession(AppiumCommandExecutor.java:186)
	... 36 more
Caused by: org.openqa.selenium.WebDriverException: An unknown server-side error occurred while processing the command. Original error: Could not find a connected Android device.
Build info: version: '4.0.0-alpha-1', revision: 'd1d3728cae', time: '2019-04-24T13:42:21'
System info: host: 'IN-C02Y21AMJG5J', ip: 'fd01:0:0:0:f888:9190:2909:8bce%en0', os.name: 'Mac OS X', os.arch: 'x86_64', os.version: '10.15.5', java.version: '1.8.0_212'
Driver info: driver.version: AndroidDriver
remote stacktrace: UnknownError: An unknown server-side error occurred while processing the command. Original error: Could not find a connected Android device.
    at getResponseForW3CError (/usr/local/lib/node_modules/appium/node_modules/appium-base-driver/lib/protocol/errors.js:804:9)
    at asyncHandler (/usr/local/lib/node_modules/appium/node_modules/appium-base-driver/lib/protocol/protocol.js:388:37)
	at sun.reflect.NativeConstructorAccessorImpl.newInstance0(Native Method)
	at sun.reflect.NativeConstructorAccessorImpl.newInstance(NativeConstructorAccessorImpl.java:62)
	at sun.reflect.DelegatingConstructorAccessorImpl.newInstance(DelegatingConstructorAccessorImpl.java:45)
	at java.lang.reflect.Constructor.newInstance(Constructor.java:423)
	at org.openqa.selenium.remote.W3CHandshakeResponse.lambda$errorHandler$0(W3CHandshakeResponse.java:62)
	at org.openqa.selenium.remote.HandshakeResponse.lambda$getResponseFunction$0(HandshakeResponse.java:30)
	at org.openqa.selenium.remote.ProtocolHandshake.lambda$createSession$0(ProtocolHandshake.java:126)
	at java.util.stream.ReferencePipeline$3$1.accept(ReferencePipeline.java:193)
	at java.util.Spliterators$ArraySpliterator.tryAdvance(Spliterators.java:958)
	at java.util.stream.ReferencePipeline.forEachWithCancel(ReferencePipeline.java:126)
	at java.util.stream.AbstractPipeline.copyIntoWithCancel(AbstractPipeline.java:499)
	at java.util.stream.AbstractPipeline.copyInto(AbstractPipeline.java:486)
	at java.util.stream.AbstractPipeline.wrapAndCopyInto(AbstractPipeline.java:472)
	at java.util.stream.FindOps$FindOp.evaluateSequential(FindOps.java:152)
	at java.util.stream.AbstractPipeline.evaluate(AbstractPipeline.java:234)
	at java.util.stream.ReferencePipeline.findFirst(ReferencePipeline.java:464)
	at org.openqa.selenium.remote.ProtocolHandshake.createSession(ProtocolHandshake.java:128)
	... 41 more
2020-06-25 17:06:55 INFO  AppiumManager:91 - Drivers Stopped
2020-06-25 17:13:10 INFO  AppiumManager:57 - Appium Services Started
2020-06-25 17:13:10 INFO  AppiumManager:97 - Platform Name is android
2020-06-25 17:13:10 INFO  AppiumManager:99 - UDID is ZX1G22MTVL
2020-06-25 17:13:10 INFO  AppiumManager:101 - Device Name is Test Device
2020-06-25 17:13:10 INFO  AppiumManager:104 - Automation Name is UIAutomator2
2020-06-25 17:13:10 INFO  AppiumManager:106 - App Package is com.andyapps.thetrailersnow
2020-06-25 17:13:10 INFO  AppiumManager:108 - Launch is set to null
2020-06-25 17:13:10 INFO  AppiumManager:41 - Android Capabilities Obtained
2020-06-25 17:13:29 INFO  AppiumManager:66 - Android Driver Started
2020-06-25 17:13:33 INFO  AppiumManager:91 - Drivers Stopped
2020-06-25 17:40:37 INFO  AppiumManager:57 - Appium Services Started
2020-06-25 17:40:38 INFO  AppiumManager:97 - Platform Name is android
2020-06-25 17:40:38 INFO  AppiumManager:99 - UDID is ZX1G22MTVL
2020-06-25 17:40:38 INFO  AppiumManager:101 - Device Name is Test Device
2020-06-25 17:40:38 INFO  AppiumManager:104 - Automation Name is UIAutomator2
2020-06-25 17:40:38 INFO  AppiumManager:106 - App Package is com.andyapps.thetrailersnow
2020-06-25 17:40:38 INFO  AppiumManager:108 - Launch is set to null
2020-06-25 17:40:38 INFO  AppiumManager:41 - Android Capabilities Obtained
2020-06-25 17:40:53 INFO  AppiumManager:66 - Android Driver Started
2020-06-25 17:40:57 INFO  AppiumManager:91 - Drivers Stopped
2020-06-25 17:44:42 INFO  AppiumManager:57 - Appium Services Started
2020-06-25 17:44:42 INFO  AppiumManager:97 - Platform Name is android
2020-06-25 17:44:42 INFO  AppiumManager:99 - UDID is ZX1G22MTVL
2020-06-25 17:44:42 INFO  AppiumManager:101 - Device Name is Test Device
2020-06-25 17:44:42 INFO  AppiumManager:104 - Automation Name is UIAutomator2
2020-06-25 17:44:42 INFO  AppiumManager:106 - App Package is com.andyapps.thetrailersnow
2020-06-25 17:44:42 INFO  AppiumManager:108 - Launch is set to null
2020-06-25 17:44:42 INFO  AppiumManager:41 - Android Capabilities Obtained
2020-06-25 17:45:02 INFO  AppiumManager:66 - Android Driver Started
2020-06-25 17:45:06 INFO  AppiumManager:91 - Drivers Stopped
2020-06-25 17:47:15 INFO  AppiumManager:57 - Appium Services Started
2020-06-25 17:47:15 INFO  AppiumManager:97 - Platform Name is android
2020-06-25 17:47:15 INFO  AppiumManager:99 - UDID is ZX1G22MTVL
2020-06-25 17:47:15 INFO  AppiumManager:101 - Device Name is Test Device
2020-06-25 17:47:15 INFO  AppiumManager:104 - Automation Name is UIAutomator2
2020-06-25 17:47:15 INFO  AppiumManager:106 - App Package is com.andyapps.thetrailersnow
2020-06-25 17:47:15 INFO  AppiumManager:108 - Launch is set to null
2020-06-25 17:47:15 INFO  AppiumManager:41 - Android Capabilities Obtained
2020-06-25 17:47:31 INFO  AppiumManager:66 - Android Driver Started
2020-06-25 17:47:36 INFO  AppiumManager:91 - Drivers Stopped
2020-06-25 17:55:22 INFO  AppiumManager:57 - Appium Services Started
2020-06-25 17:55:22 INFO  AppiumManager:97 - Platform Name is android
2020-06-25 17:55:22 INFO  AppiumManager:99 - UDID is ZX1G22MTVL
2020-06-25 17:55:22 INFO  AppiumManager:101 - Device Name is Test Device
2020-06-25 17:55:22 INFO  AppiumManager:104 - Automation Name is UIAutomator2
2020-06-25 17:55:22 INFO  AppiumManager:106 - App Package is com.andyapps.thetrailersnow
2020-06-25 17:55:22 INFO  AppiumManager:108 - Launch is set to null
2020-06-25 17:55:22 INFO  AppiumManager:41 - Android Capabilities Obtained
2020-06-25 17:55:38 INFO  AppiumManager:66 - Android Driver Started
2020-06-25 17:55:41 INFO  AppiumManager:91 - Drivers Stopped
2020-06-25 17:59:17 INFO  AppiumManager:57 - Appium Services Started
2020-06-25 17:59:17 INFO  AppiumManager:97 - Platform Name is android
2020-06-25 17:59:17 INFO  AppiumManager:99 - UDID is ZX1G22MTVL
2020-06-25 17:59:17 INFO  AppiumManager:101 - Device Name is Test Device
2020-06-25 17:59:17 INFO  AppiumManager:104 - Automation Name is UIAutomator2
2020-06-25 17:59:17 INFO  AppiumManager:106 - App Package is com.andyapps.thetrailersnow
2020-06-25 17:59:17 INFO  AppiumManager:108 - Launch is set to null
2020-06-25 17:59:17 INFO  AppiumManager:41 - Android Capabilities Obtained
2020-06-25 17:59:32 INFO  AppiumManager:66 - Android Driver Started
2020-06-25 17:59:37 INFO  AppiumManager:91 - Drivers Stopped
2020-06-25 18:01:13 INFO  AppiumManager:57 - Appium Services Started
2020-06-25 18:01:13 INFO  AppiumManager:97 - Platform Name is android
2020-06-25 18:01:13 INFO  AppiumManager:99 - UDID is ZX1G22MTVL
2020-06-25 18:01:13 INFO  AppiumManager:101 - Device Name is Test Device
2020-06-25 18:01:13 INFO  AppiumManager:104 - Automation Name is UIAutomator2
2020-06-25 18:01:13 INFO  AppiumManager:106 - App Package is com.andyapps.thetrailersnow
2020-06-25 18:01:13 INFO  AppiumManager:108 - Launch is set to null
2020-06-25 18:01:13 INFO  AppiumManager:41 - Android Capabilities Obtained
2020-06-25 18:01:28 INFO  AppiumManager:66 - Android Driver Started
2020-06-25 18:01:32 INFO  AppiumManager:91 - Drivers Stopped
2020-06-25 18:30:30 INFO  AppiumManager:57 - Appium Services Started
2020-06-25 18:30:30 INFO  AppiumManager:97 - Platform Name is android
2020-06-25 18:30:30 INFO  AppiumManager:99 - UDID is ZX1G22MTVL
2020-06-25 18:30:30 INFO  AppiumManager:101 - Device Name is Test Device
2020-06-25 18:30:30 INFO  AppiumManager:104 - Automation Name is UIAutomator2
2020-06-25 18:30:30 INFO  AppiumManager:106 - App Package is com.andyapps.thetrailersnow
2020-06-25 18:30:30 INFO  AppiumManager:108 - Launch is set to null
2020-06-25 18:30:30 INFO  AppiumManager:41 - Android Capabilities Obtained
2020-06-25 18:30:46 INFO  AppiumManager:57 - Appium Services Started
2020-06-25 18:30:46 INFO  AppiumManager:97 - Platform Name is android
2020-06-25 18:30:46 INFO  AppiumManager:99 - UDID is ZX1G22MTVL
2020-06-25 18:30:46 INFO  AppiumManager:101 - Device Name is Test Device
2020-06-25 18:30:46 INFO  AppiumManager:104 - Automation Name is UIAutomator2
2020-06-25 18:30:46 INFO  AppiumManager:106 - App Package is com.andyapps.thetrailersnow
2020-06-25 18:30:46 INFO  AppiumManager:108 - Launch is set to null
2020-06-25 18:30:46 INFO  AppiumManager:41 - Android Capabilities Obtained
2020-06-25 18:31:05 INFO  AppiumManager:66 - Android Driver Started
2020-06-25 18:31:08 INFO  AppiumManager:91 - Drivers Stopped
2020-06-26 11:22:18 INFO  AppiumManager:57 - Appium Services Started
2020-06-26 11:22:18 INFO  AppiumManager:97 - Platform Name is android
2020-06-26 11:22:18 INFO  AppiumManager:99 - UDID is ZX1G22MTVL
2020-06-26 11:22:18 INFO  AppiumManager:101 - Device Name is Test Device
2020-06-26 11:22:18 INFO  AppiumManager:104 - Automation Name is UIAutomator2
2020-06-26 11:22:18 INFO  AppiumManager:106 - App Package is com.andyapps.thetrailersnow
2020-06-26 11:22:18 INFO  AppiumManager:108 - Launch is set to null
2020-06-26 11:22:18 INFO  AppiumManager:41 - Android Capabilities Obtained
2020-06-26 11:22:34 INFO  AppiumManager:57 - Appium Services Started
2020-06-26 11:22:34 INFO  AppiumManager:97 - Platform Name is android
2020-06-26 11:22:34 INFO  AppiumManager:99 - UDID is ZX1G22MTVL
2020-06-26 11:22:34 INFO  AppiumManager:101 - Device Name is Test Device
2020-06-26 11:22:34 INFO  AppiumManager:104 - Automation Name is UIAutomator2
2020-06-26 11:22:34 INFO  AppiumManager:106 - App Package is com.andyapps.thetrailersnow
2020-06-26 11:22:34 INFO  AppiumManager:108 - Launch is set to null
2020-06-26 11:22:34 INFO  AppiumManager:41 - Android Capabilities Obtained
2020-06-26 11:22:52 INFO  AppiumManager:66 - Android Driver Started
2020-06-26 11:22:57 INFO  AppiumManager:91 - Drivers Stopped
2020-06-26 11:24:28 INFO  AppiumManager:57 - Appium Services Started
2020-06-26 11:24:28 INFO  AppiumManager:97 - Platform Name is android
2020-06-26 11:24:28 INFO  AppiumManager:99 - UDID is ZX1G22MTVL
2020-06-26 11:24:28 INFO  AppiumManager:101 - Device Name is Test Device
2020-06-26 11:24:28 INFO  AppiumManager:104 - Automation Name is UIAutomator2
2020-06-26 11:24:28 INFO  AppiumManager:106 - App Package is com.andyapps.thetrailersnow
2020-06-26 11:24:28 INFO  AppiumManager:108 - Launch is set to null
2020-06-26 11:24:28 INFO  AppiumManager:41 - Android Capabilities Obtained
2020-06-26 11:24:44 INFO  AppiumManager:66 - Android Driver Started
2020-06-26 11:24:49 INFO  AppiumManager:91 - Drivers Stopped
2020-06-26 11:35:05 INFO  AppiumManager:57 - Appium Services Started
2020-06-26 11:35:05 INFO  AppiumManager:97 - Platform Name is android
2020-06-26 11:35:05 INFO  AppiumManager:99 - UDID is ZX1G22MTVL
2020-06-26 11:35:05 INFO  AppiumManager:101 - Device Name is Test Device
2020-06-26 11:35:05 INFO  AppiumManager:104 - Automation Name is UIAutomator2
2020-06-26 11:35:05 INFO  AppiumManager:106 - App Package is com.andyapps.thetrailersnow
2020-06-26 11:35:05 INFO  AppiumManager:108 - Launch is set to null
2020-06-26 11:35:05 INFO  AppiumManager:41 - Android Capabilities Obtained
2020-06-26 11:35:25 INFO  AppiumManager:66 - Android Driver Started
2020-06-26 11:35:30 INFO  AppiumManager:91 - Drivers Stopped
2020-06-26 11:37:07 INFO  AppiumManager:57 - Appium Services Started
2020-06-26 11:37:07 INFO  AppiumManager:97 - Platform Name is android
2020-06-26 11:37:07 INFO  AppiumManager:99 - UDID is ZX1G22MTVL
2020-06-26 11:37:07 INFO  AppiumManager:101 - Device Name is Test Device
2020-06-26 11:37:07 INFO  AppiumManager:104 - Automation Name is UIAutomator2
2020-06-26 11:37:07 INFO  AppiumManager:106 - App Package is com.andyapps.thetrailersnow
2020-06-26 11:37:07 INFO  AppiumManager:108 - Launch is set to null
2020-06-26 11:37:07 INFO  AppiumManager:41 - Android Capabilities Obtained
2020-06-26 11:37:23 INFO  AppiumManager:66 - Android Driver Started
2020-06-26 11:37:28 INFO  AppiumManager:91 - Drivers Stopped
2020-06-26 11:41:11 INFO  AppiumManager:57 - Appium Services Started
2020-06-26 11:41:11 INFO  AppiumManager:97 - Platform Name is android
2020-06-26 11:41:11 INFO  AppiumManager:99 - UDID is ZX1G22MTVL
2020-06-26 11:41:11 INFO  AppiumManager:101 - Device Name is Test Device
2020-06-26 11:41:11 INFO  AppiumManager:104 - Automation Name is UIAutomator2
2020-06-26 11:41:11 INFO  AppiumManager:106 - App Package is com.andyapps.thetrailersnow
2020-06-26 11:41:11 INFO  AppiumManager:108 - Launch is set to null
2020-06-26 11:41:11 INFO  AppiumManager:41 - Android Capabilities Obtained
2020-06-26 11:41:28 INFO  AppiumManager:66 - Android Driver Started
2020-06-26 11:41:33 INFO  AppiumManager:91 - Drivers Stopped
2020-06-26 11:44:01 INFO  AppiumManager:57 - Appium Services Started
2020-06-26 11:44:01 INFO  AppiumManager:97 - Platform Name is android
2020-06-26 11:44:01 INFO  AppiumManager:99 - UDID is ZX1G22MTVL
2020-06-26 11:44:01 INFO  AppiumManager:101 - Device Name is Test Device
2020-06-26 11:44:01 INFO  AppiumManager:104 - Automation Name is UIAutomator2
2020-06-26 11:44:01 INFO  AppiumManager:106 - App Package is com.andyapps.thetrailersnow
2020-06-26 11:44:01 INFO  AppiumManager:108 - Launch is set to null
2020-06-26 11:44:01 INFO  AppiumManager:41 - Android Capabilities Obtained
2020-06-26 11:44:17 INFO  AppiumManager:66 - Android Driver Started
2020-06-26 11:44:21 INFO  AppiumManager:91 - Drivers Stopped
2020-06-26 11:46:35 INFO  AppiumManager:57 - Appium Services Started
2020-06-26 11:46:35 INFO  AppiumManager:97 - Platform Name is android
2020-06-26 11:46:35 INFO  AppiumManager:99 - UDID is ZX1G22MTVL
2020-06-26 11:46:35 INFO  AppiumManager:101 - Device Name is Test Device
2020-06-26 11:46:35 INFO  AppiumManager:104 - Automation Name is UIAutomator2
2020-06-26 11:46:35 INFO  AppiumManager:106 - App Package is com.andyapps.thetrailersnow
2020-06-26 11:46:35 INFO  AppiumManager:108 - Launch is set to null
2020-06-26 11:46:35 INFO  AppiumManager:41 - Android Capabilities Obtained
2020-06-26 11:46:51 INFO  AppiumManager:66 - Android Driver Started
2020-06-26 11:46:56 INFO  AppiumManager:91 - Drivers Stopped
2020-06-26 11:48:46 INFO  AppiumManager:57 - Appium Services Started
2020-06-26 11:48:46 INFO  AppiumManager:97 - Platform Name is android
2020-06-26 11:48:46 INFO  AppiumManager:99 - UDID is ZX1G22MTVL
2020-06-26 11:48:46 INFO  AppiumManager:101 - Device Name is Test Device
2020-06-26 11:48:46 INFO  AppiumManager:104 - Automation Name is UIAutomator2
2020-06-26 11:48:46 INFO  AppiumManager:106 - App Package is com.andyapps.thetrailersnow
2020-06-26 11:48:46 INFO  AppiumManager:108 - Launch is set to null
2020-06-26 11:48:46 INFO  AppiumManager:41 - Android Capabilities Obtained
2020-06-26 11:49:02 INFO  AppiumManager:66 - Android Driver Started
2020-06-26 11:49:07 INFO  AppiumManager:91 - Drivers Stopped
2020-06-26 11:50:21 INFO  AppiumManager:57 - Appium Services Started
2020-06-26 11:50:21 INFO  AppiumManager:97 - Platform Name is android
2020-06-26 11:50:21 INFO  AppiumManager:99 - UDID is ZX1G22MTVL
2020-06-26 11:50:21 INFO  AppiumManager:101 - Device Name is Test Device
2020-06-26 11:50:21 INFO  AppiumManager:104 - Automation Name is UIAutomator2
2020-06-26 11:50:22 INFO  AppiumManager:106 - App Package is com.andyapps.thetrailersnow
2020-06-26 11:50:22 INFO  AppiumManager:108 - Launch is set to null
2020-06-26 11:50:22 INFO  AppiumManager:41 - Android Capabilities Obtained
2020-06-26 11:50:41 INFO  AppiumManager:66 - Android Driver Started
2020-06-26 11:50:46 INFO  AppiumManager:91 - Drivers Stopped
2020-06-26 12:05:56 INFO  AppiumManager:57 - Appium Services Started
2020-06-26 12:05:56 INFO  AppiumManager:97 - Platform Name is android
2020-06-26 12:05:56 INFO  AppiumManager:99 - UDID is ZX1G22MTVL
2020-06-26 12:05:56 INFO  AppiumManager:101 - Device Name is Test Device
2020-06-26 12:05:56 INFO  AppiumManager:104 - Automation Name is UIAutomator2
2020-06-26 12:05:56 INFO  AppiumManager:106 - App Package is com.andyapps.thetrailersnow
2020-06-26 12:05:56 INFO  AppiumManager:108 - Launch is set to null
2020-06-26 12:05:56 INFO  AppiumManager:41 - Android Capabilities Obtained
2020-06-26 12:06:17 INFO  AppiumManager:66 - Android Driver Started
2020-06-26 12:06:21 INFO  AppiumManager:91 - Drivers Stopped
2020-06-26 12:07:32 INFO  AppiumManager:57 - Appium Services Started
2020-06-26 12:07:32 INFO  AppiumManager:97 - Platform Name is android
2020-06-26 12:07:32 INFO  AppiumManager:99 - UDID is ZX1G22MTVL
2020-06-26 12:07:32 INFO  AppiumManager:101 - Device Name is Test Device
2020-06-26 12:07:32 INFO  AppiumManager:104 - Automation Name is UIAutomator2
2020-06-26 12:07:32 INFO  AppiumManager:106 - App Package is com.andyapps.thetrailersnow
2020-06-26 12:07:32 INFO  AppiumManager:108 - Launch is set to null
2020-06-26 12:07:32 INFO  AppiumManager:41 - Android Capabilities Obtained
2020-06-26 12:07:48 INFO  AppiumManager:66 - Android Driver Started
2020-06-26 12:07:53 INFO  AppiumManager:91 - Drivers Stopped
2020-06-26 12:26:47 INFO  AppiumManager:57 - Appium Services Started
2020-06-26 12:26:47 INFO  AppiumManager:97 - Platform Name is android
2020-06-26 12:26:47 INFO  AppiumManager:99 - UDID is ZX1G22MTVL
2020-06-26 12:26:47 INFO  AppiumManager:101 - Device Name is Test Device
2020-06-26 12:26:47 INFO  AppiumManager:104 - Automation Name is UIAutomator2
2020-06-26 12:26:47 INFO  AppiumManager:106 - App Package is com.andyapps.thetrailersnow
2020-06-26 12:26:47 INFO  AppiumManager:108 - Launch is set to null
2020-06-26 12:26:47 INFO  AppiumManager:41 - Android Capabilities Obtained
2020-06-26 12:27:02 INFO  AppiumManager:66 - Android Driver Started
2020-06-26 12:27:06 INFO  AppiumManager:91 - Drivers Stopped
2020-06-26 12:34:07 INFO  AppiumManager:57 - Appium Services Started
2020-06-26 12:34:07 INFO  AppiumManager:97 - Platform Name is android
2020-06-26 12:34:07 INFO  AppiumManager:99 - UDID is ZX1G22MTVL
2020-06-26 12:34:07 INFO  AppiumManager:101 - Device Name is Test Device
2020-06-26 12:34:07 INFO  AppiumManager:104 - Automation Name is UIAutomator2
2020-06-26 12:34:07 INFO  AppiumManager:106 - App Package is com.andyapps.thetrailersnow
2020-06-26 12:34:07 INFO  AppiumManager:108 - Launch is set to null
2020-06-26 12:34:07 INFO  AppiumManager:41 - Android Capabilities Obtained
2020-06-26 12:34:26 INFO  AppiumManager:66 - Android Driver Started
2020-06-26 12:34:32 INFO  AppiumManager:91 - Drivers Stopped
2020-06-26 12:36:03 INFO  AppiumManager:57 - Appium Services Started
2020-06-26 12:36:03 INFO  AppiumManager:97 - Platform Name is android
2020-06-26 12:36:03 INFO  AppiumManager:99 - UDID is ZX1G22MTVL
2020-06-26 12:36:03 INFO  AppiumManager:101 - Device Name is Test Device
2020-06-26 12:36:03 INFO  AppiumManager:104 - Automation Name is UIAutomator2
2020-06-26 12:36:03 INFO  AppiumManager:106 - App Package is com.andyapps.thetrailersnow
2020-06-26 12:36:03 INFO  AppiumManager:108 - Launch is set to null
2020-06-26 12:36:03 INFO  AppiumManager:41 - Android Capabilities Obtained
2020-06-26 12:36:20 INFO  AppiumManager:66 - Android Driver Started
2020-06-26 12:36:26 INFO  AppiumManager:91 - Drivers Stopped
2020-06-26 13:20:50 INFO  AppiumManager:57 - Appium Services Started
2020-06-26 13:20:50 INFO  AppiumManager:97 - Platform Name is android
2020-06-26 13:20:50 INFO  AppiumManager:99 - UDID is ZX1G22MTVL
2020-06-26 13:20:50 INFO  AppiumManager:101 - Device Name is Test Device
2020-06-26 13:20:50 INFO  AppiumManager:104 - Automation Name is UIAutomator2
2020-06-26 13:20:50 INFO  AppiumManager:106 - App Package is com.andyapps.thetrailersnow
2020-06-26 13:20:50 INFO  AppiumManager:108 - Launch is set to null
2020-06-26 13:20:50 INFO  AppiumManager:41 - Android Capabilities Obtained
2020-06-26 13:21:26 INFO  AppiumManager:66 - Android Driver Started
2020-06-26 13:21:39 INFO  AppiumManager:91 - Drivers Stopped
2020-06-26 13:23:10 INFO  AppiumManager:57 - Appium Services Started
2020-06-26 13:23:10 INFO  AppiumManager:97 - Platform Name is android
2020-06-26 13:23:10 INFO  AppiumManager:99 - UDID is ZX1G22MTVL
2020-06-26 13:23:10 INFO  AppiumManager:101 - Device Name is Test Device
2020-06-26 13:23:10 INFO  AppiumManager:104 - Automation Name is UIAutomator2
2020-06-26 13:23:10 INFO  AppiumManager:106 - App Package is com.andyapps.thetrailersnow
2020-06-26 13:23:10 INFO  AppiumManager:108 - Launch is set to null
2020-06-26 13:23:10 INFO  AppiumManager:41 - Android Capabilities Obtained
2020-06-26 13:23:28 INFO  AppiumManager:66 - Android Driver Started
2020-06-26 13:23:44 INFO  AppiumManager:91 - Drivers Stopped
2020-06-26 13:24:24 INFO  AppiumManager:57 - Appium Services Started
2020-06-26 13:24:24 INFO  AppiumManager:97 - Platform Name is android
2020-06-26 13:24:24 INFO  AppiumManager:99 - UDID is ZX1G22MTVL
2020-06-26 13:24:24 INFO  AppiumManager:101 - Device Name is Test Device
2020-06-26 13:24:24 INFO  AppiumManager:104 - Automation Name is UIAutomator2
2020-06-26 13:24:24 INFO  AppiumManager:106 - App Package is com.andyapps.thetrailersnow
2020-06-26 13:24:24 INFO  AppiumManager:108 - Launch is set to null
2020-06-26 13:24:24 INFO  AppiumManager:41 - Android Capabilities Obtained
2020-06-26 13:24:38 INFO  AppiumManager:66 - Android Driver Started
2020-06-26 13:24:55 INFO  AppiumManager:91 - Drivers Stopped
2020-06-26 13:26:18 INFO  AppiumManager:57 - Appium Services Started
2020-06-26 13:26:18 INFO  AppiumManager:97 - Platform Name is android
2020-06-26 13:26:18 INFO  AppiumManager:99 - UDID is ZX1G22MTVL
2020-06-26 13:26:18 INFO  AppiumManager:101 - Device Name is Test Device
2020-06-26 13:26:18 INFO  AppiumManager:104 - Automation Name is UIAutomator2
2020-06-26 13:26:18 INFO  AppiumManager:106 - App Package is com.andyapps.thetrailersnow
2020-06-26 13:26:18 INFO  AppiumManager:108 - Launch is set to null
2020-06-26 13:26:18 INFO  AppiumManager:41 - Android Capabilities Obtained
2020-06-26 13:26:33 INFO  AppiumManager:66 - Android Driver Started
2020-06-26 13:26:51 INFO  AppiumManager:91 - Drivers Stopped
